<?xml version="1.0" encoding="UTF-8"?>
<testng-results ignored="0" total="1" passed="1" failed="0" skipped="0">
  <reporter-output>
    <line>
      <![CDATA[landed on pdt details page]]>
    </line>
  </reporter-output>
  <suite started-at="2023-02-21T13:44:30 PST" name="Default suite" finished-at="2023-02-21T13:45:18 PST" duration-ms="47998">
    <groups>
    </groups>
    <test started-at="2023-02-21T13:44:30 PST" name="Default test" finished-at="2023-02-21T13:45:18 PST" duration-ms="47998">
      <class name="com.testScripts.AddToCart">
        <test-method is-config="true" signature="configBT()[pri:0, instance:com.testScripts.AddToCart@3646a422]" started-at="2023-02-21T13:44:30 PST" name="configBT" finished-at="2023-02-21T13:44:53 PST" duration-ms="23003" status="PASS">
          <reporter-output>
          </reporter-output>
        </test-method> <!-- configBT -->
        <test-method is-config="true" signature="configBM()[pri:0, instance:com.testScripts.AddToCart@3646a422]" started-at="2023-02-21T13:44:53 PST" name="configBM" finished-at="2023-02-21T13:44:59 PST" duration-ms="6091" status="PASS">
          <reporter-output>
          </reporter-output>
        </test-method> <!-- configBM -->
        <test-method signature="AddToCarttest()[pri:0, instance:com.testScripts.AddToCart@3646a422]" started-at="2023-02-21T13:44:59 PST" name="AddToCarttest" finished-at="2023-02-21T13:45:18 PST" duration-ms="18659" status="PASS">
          <reporter-output>
            <line>
              <![CDATA[landed on pdt details page]]>
            </line>
          </reporter-output>
        </test-method> <!-- AddToCarttest -->
        <test-method is-config="true" signature="configAm()[pri:0, instance:com.testScripts.AddToCart@3646a422]" started-at="2023-02-21T13:45:18 PST" name="configAm" finished-at="2023-02-21T13:45:18 PST" duration-ms="0" status="PASS">
          <reporter-output>
          </reporter-output>
        </test-method> <!-- configAm -->
        <test-method is-config="true" signature="configAt()[pri:0, instance:com.testScripts.AddToCart@3646a422]" started-at="2023-02-21T13:45:18 PST" name="configAt" finished-at="2023-02-21T13:45:18 PST" duration-ms="0" status="PASS">
          <reporter-output>
          </reporter-output>
        </test-method> <!-- configAt -->
      </class> <!-- com.testScripts.AddToCart -->
    </test> <!-- Default test -->
  </suite> <!-- Default suite -->
</testng-results>
